0 info it worked if it ends with ok
1 verbose cli [ '/Users/jgreen/.nvm/versions/node/v7.4.0/bin/node',
1 verbose cli   '/Users/jgreen/.nvm/versions/node/v7.4.0/bin/npm',
1 verbose cli   'run',
1 verbose cli   'precommit' ]
2 info using npm@4.0.5
3 info using node@v7.4.0
4 verbose run-script [ 'precommit' ]
5 info lifecycle dw-cli@1.0.0-rc.1~precommit: dw-cli@1.0.0-rc.1
6 verbose lifecycle dw-cli@1.0.0-rc.1~precommit: unsafe-perm in lifecycle true
7 verbose lifecycle dw-cli@1.0.0-rc.1~precommit: PATH: /Users/jgreen/.nvm/versions/node/v7.4.0/lib/node_modules/npm/bin/node-gyp-bin:/Users/jgreen/Sites/mzwallace/dw-cli/node_modules/.bin:/Users/jgreen/.nvm/versions/node/v7.4.0/bin:/usr/local/Cellar/git/2.11.0/libexec/git-core:/Users/jgreen/Sites/golang/bin:bin:vendor/bin:~/bin:~/.composer/vendor/bin:/usr/local/bin:/usr/bin:/bin:/usr/local/sbin:/usr/sbin:/sbin:/usr/local/bin:/usr/local
8 verbose lifecycle dw-cli@1.0.0-rc.1~precommit: CWD: /Users/jgreen/Sites/mzwallace/dw-cli
9 silly lifecycle dw-cli@1.0.0-rc.1~precommit: Args: [ '-c', 'xo' ]
10 silly lifecycle dw-cli@1.0.0-rc.1~precommit: Returned: code: 1  signal: null
11 info lifecycle dw-cli@1.0.0-rc.1~precommit: Failed to exec precommit script
12 verbose stack Error: dw-cli@1.0.0-rc.1 precommit: `xo`
12 verbose stack Exit status 1
12 verbose stack     at EventEmitter.<anonymous> (/Users/jgreen/.nvm/versions/node/v7.4.0/lib/node_modules/npm/lib/utils/lifecycle.js:279:16)
12 verbose stack     at emitTwo (events.js:106:13)
12 verbose stack     at EventEmitter.emit (events.js:191:7)
12 verbose stack     at ChildProcess.<anonymous> (/Users/jgreen/.nvm/versions/node/v7.4.0/lib/node_modules/npm/lib/utils/spawn.js:40:14)
12 verbose stack     at emitTwo (events.js:106:13)
12 verbose stack     at ChildProcess.emit (events.js:191:7)
12 verbose stack     at maybeClose (internal/child_process.js:885:16)
12 verbose stack     at Process.ChildProcess._handle.onexit (internal/child_process.js:226:5)
13 verbose pkgid dw-cli@1.0.0-rc.1
14 verbose cwd /Users/jgreen/Sites/mzwallace/dw-cli
15 error Darwin 16.4.0
16 error argv "/Users/jgreen/.nvm/versions/node/v7.4.0/bin/node" "/Users/jgreen/.nvm/versions/node/v7.4.0/bin/npm" "run" "precommit"
17 error node v7.4.0
18 error npm  v4.0.5
19 error code ELIFECYCLE
20 error dw-cli@1.0.0-rc.1 precommit: `xo`
20 error Exit status 1
21 error Failed at the dw-cli@1.0.0-rc.1 precommit script 'xo'.
21 error Make sure you have the latest version of node.js and npm installed.
21 error If you do, this is most likely a problem with the dw-cli package,
21 error not with npm itself.
21 error Tell the author that this fails on your system:
21 error     xo
21 error You can get information on how to open an issue for this project with:
21 error     npm bugs dw-cli
21 error Or if that isn't available, you can get their info via:
21 error     npm owner ls dw-cli
21 error There is likely additional logging output above.
22 verbose exit [ 1, true ]
